2025-10-24 21:36:54.549 | INFO     | __main__:init_db:193 - Initializing database...
2025-10-24 21:36:54.595 | INFO     | src.database.connection:initialize:59 - Database engine initialized successfully
2025-10-24 21:36:54.645 | INFO     | src.database.connection:create_tables:72 - Database tables created successfully
2025-10-24 21:36:54.645 | INFO     | __main__:init_db:196 - Database initialized successfully
2025-10-24 21:36:54.645 | INFO     | __main__:run_scraper:208 - Starting scraper...
2025-10-24 21:36:54.646 | INFO     | __main__:run_scraper:213 - Scraping mode: WITH DETAILS (slower, includes full book info)
2025-10-24 21:36:54.646 | WARNING  | src.scraper.base_scraper:__init__:158 - SSL verification disabled - use only for development!
2025-10-24 21:36:54.646 | INFO     | src.scraper.books_scraper:scrape:628 - Scraping page 1: https://books.toscrape.com/
2025-10-24 21:36:57.897 | INFO     | src.scraper.base_scraper:fetch_page:176 - Successfully fetched: https://books.toscrape.com/
2025-10-24 21:36:57.926 | INFO     | src.scraper.books_scraper:scrape_page:461 - Fetching details for book 1/20: A Light in the Attic...
2025-10-24 21:36:58.409 | INFO     | src.scraper.base_scraper:fetch_page:176 - Successfully fetched: https://books.toscrape.com/catalogue/a-light-in-the-attic_1000/index.html
2025-10-24 21:36:58.922 | INFO     | src.scraper.books_scraper:scrape_page:461 - Fetching details for book 2/20: Tipping the Velvet...
2025-10-24 21:36:59.245 | INFO     | src.scraper.base_scraper:fetch_page:176 - Successfully fetched: https://books.toscrape.com/catalogue/tipping-the-velvet_999/index.html
2025-10-24 21:36:59.757 | INFO     | src.scraper.books_scraper:scrape_page:461 - Fetching details for book 3/20: Soumission...
2025-10-24 21:37:00.195 | INFO     | src.scraper.base_scraper:fetch_page:176 - Successfully fetched: https://books.toscrape.com/catalogue/soumission_998/index.html
2025-10-24 21:37:00.708 | INFO     | src.scraper.books_scraper:scrape_page:461 - Fetching details for book 4/20: Sharp Objects...
2025-10-24 21:37:01.180 | INFO     | src.scraper.base_scraper:fetch_page:176 - Successfully fetched: https://books.toscrape.com/catalogue/sharp-objects_997/index.html
2025-10-24 21:37:01.692 | INFO     | src.scraper.books_scraper:scrape_page:461 - Fetching details for book 5/20: Sapiens: A Brief History of Humankind...
2025-10-24 21:37:02.258 | INFO     | src.scraper.base_scraper:fetch_page:176 - Successfully fetched: https://books.toscrape.com/catalogue/sapiens-a-brief-history-of-humankind_996/index.html
2025-10-24 21:37:02.772 | INFO     | src.scraper.books_scraper:scrape_page:461 - Fetching details for book 6/20: The Requiem Red...
2025-10-24 21:37:03.285 | INFO     | src.scraper.base_scraper:fetch_page:176 - Successfully fetched: https://books.toscrape.com/catalogue/the-requiem-red_995/index.html
2025-10-24 21:37:03.802 | INFO     | src.scraper.books_scraper:scrape_page:461 - Fetching details for book 7/20: The Dirty Little Secrets of Getting Your Dream Job...
2025-10-24 21:37:04.239 | INFO     | src.scraper.base_scraper:fetch_page:176 - Successfully fetched: https://books.toscrape.com/catalogue/the-dirty-little-secrets-of-getting-your-dream-job_994/index.html
2025-10-24 21:37:04.785 | INFO     | src.scraper.books_scraper:scrape_page:461 - Fetching details for book 8/20: The Coming Woman: A Novel Based on the Life of the...
2025-10-24 21:37:05.323 | INFO     | src.scraper.base_scraper:fetch_page:176 - Successfully fetched: https://books.toscrape.com/catalogue/the-coming-woman-a-novel-based-on-the-life-of-the-infamous-feminist-victoria-woodhull_993/index.html
2025-10-24 21:37:05.838 | INFO     | src.scraper.books_scraper:scrape_page:461 - Fetching details for book 9/20: The Boys in the Boat: Nine Americans and Their Epi...
2025-10-24 21:37:06.348 | INFO     | src.scraper.base_scraper:fetch_page:176 - Successfully fetched: https://books.toscrape.com/catalogue/the-boys-in-the-boat-nine-americans-and-their-epic-quest-for-gold-at-the-1936-berlin-olympics_992/index.html
2025-10-24 21:37:06.869 | INFO     | src.scraper.books_scraper:scrape_page:461 - Fetching details for book 10/20: The Black Maria...
2025-10-24 21:37:07.281 | INFO     | src.scraper.base_scraper:fetch_page:176 - Successfully fetched: https://books.toscrape.com/catalogue/the-black-maria_991/index.html
2025-10-24 21:37:07.799 | INFO     | src.scraper.books_scraper:scrape_page:461 - Fetching details for book 11/20: Starving Hearts (Triangular Trade Trilogy, #1)...
2025-10-24 21:37:08.266 | INFO     | src.scraper.base_scraper:fetch_page:176 - Successfully fetched: https://books.toscrape.com/catalogue/starving-hearts-triangular-trade-trilogy-1_990/index.html
2025-10-24 21:37:08.786 | INFO     | src.scraper.books_scraper:scrape_page:461 - Fetching details for book 12/20: Shakespeare's Sonnets...
2025-10-24 21:37:09.409 | INFO     | src.scraper.base_scraper:fetch_page:176 - Successfully fetched: https://books.toscrape.com/catalogue/shakespeares-sonnets_989/index.html
2025-10-24 21:37:09.931 | INFO     | src.scraper.books_scraper:scrape_page:461 - Fetching details for book 13/20: Set Me Free...
2025-10-24 21:37:10.394 | INFO     | src.scraper.base_scraper:fetch_page:176 - Successfully fetched: https://books.toscrape.com/catalogue/set-me-free_988/index.html
2025-10-24 21:37:10.913 | INFO     | src.scraper.books_scraper:scrape_page:461 - Fetching details for book 14/20: Scott Pilgrim's Precious Little Life (Scott Pilgri...
2025-10-24 21:37:11.359 | INFO     | src.scraper.base_scraper:fetch_page:176 - Successfully fetched: https://books.toscrape.com/catalogue/scott-pilgrims-precious-little-life-scott-pilgrim-1_987/index.html
2025-10-24 21:37:11.876 | INFO     | src.scraper.books_scraper:scrape_page:461 - Fetching details for book 15/20: Rip it Up and Start Again...
2025-10-24 21:37:12.300 | INFO     | src.scraper.base_scraper:fetch_page:176 - Successfully fetched: https://books.toscrape.com/catalogue/rip-it-up-and-start-again_986/index.html
2025-10-24 21:37:12.810 | INFO     | src.scraper.books_scraper:scrape_page:461 - Fetching details for book 16/20: Our Band Could Be Your Life: Scenes from the Ameri...
2025-10-24 21:37:13.295 | INFO     | src.scraper.base_scraper:fetch_page:176 - Successfully fetched: https://books.toscrape.com/catalogue/our-band-could-be-your-life-scenes-from-the-american-indie-underground-1981-1991_985/index.html
2025-10-24 21:37:13.810 | INFO     | src.scraper.books_scraper:scrape_page:461 - Fetching details for book 17/20: Olio...
2025-10-24 21:37:14.314 | INFO     | src.scraper.base_scraper:fetch_page:176 - Successfully fetched: https://books.toscrape.com/catalogue/olio_984/index.html
2025-10-24 21:37:14.827 | INFO     | src.scraper.books_scraper:scrape_page:461 - Fetching details for book 18/20: Mesaerion: The Best Science Fiction Stories 1800-1...
2025-10-24 21:37:15.338 | INFO     | src.scraper.base_scraper:fetch_page:176 - Successfully fetched: https://books.toscrape.com/catalogue/mesaerion-the-best-science-fiction-stories-1800-1849_983/index.html
2025-10-24 21:37:15.849 | INFO     | src.scraper.books_scraper:scrape_page:461 - Fetching details for book 19/20: Libertarianism for Beginners...
2025-10-24 21:37:16.317 | INFO     | src.scraper.base_scraper:fetch_page:176 - Successfully fetched: https://books.toscrape.com/catalogue/libertarianism-for-beginners_982/index.html
2025-10-24 21:37:16.828 | INFO     | src.scraper.books_scraper:scrape_page:461 - Fetching details for book 20/20: It's Only the Himalayas...
2025-10-24 21:37:17.242 | INFO     | src.scraper.base_scraper:fetch_page:176 - Successfully fetched: https://books.toscrape.com/catalogue/its-only-the-himalayas_981/index.html
2025-10-24 21:37:17.764 | INFO     | src.scraper.books_scraper:scrape:636 - Page 1: Scraped 20 books (Total: 20)
2025-10-24 21:37:17.765 | INFO     | src.scraper.books_scraper:scrape:639 - Total books scraped: 20
2025-10-24 21:37:17.771 | INFO     | src.scraper.base_scraper:close:212 - Scraper session closed
2025-10-24 21:37:17.771 | INFO     | __main__:run_scraper:226 - Scraped 20 books. Inserting into database...
2025-10-24 21:37:17.789 | ERROR    | src.database.connection:get_session:106 - Session error: 'description' is an invalid keyword argument for Book
