2025-10-24 21:57:59.027 | INFO     | __main__:init_db:193 - Initializing database...
2025-10-24 21:57:59.079 | INFO     | src.database.connection:initialize:59 - Database engine initialized successfully
2025-10-24 21:57:59.136 | INFO     | src.database.connection:create_tables:72 - Database tables created successfully
2025-10-24 21:57:59.136 | INFO     | __main__:init_db:196 - Database initialized successfully
2025-10-24 21:57:59.136 | INFO     | __main__:run_scraper:208 - Starting scraper...
2025-10-24 21:57:59.136 | INFO     | __main__:run_scraper:213 - Scraping mode: WITH DETAILS (slower, includes full book info)
2025-10-24 21:57:59.136 | WARNING  | src.scraper.base_scraper:__init__:158 - SSL verification disabled - use only for development!
2025-10-24 21:57:59.136 | INFO     | src.scraper.books_scraper:scrape:655 - Scraping page 1: https://books.toscrape.com/
2025-10-24 21:58:00.643 | INFO     | src.scraper.base_scraper:fetch_page:176 - Successfully fetched: https://books.toscrape.com/
2025-10-24 21:58:00.667 | INFO     | src.scraper.books_scraper:scrape_page:488 - Fetching details for book 1/20: A Light in the Attic...
2025-10-24 21:58:00.953 | INFO     | src.scraper.base_scraper:fetch_page:176 - Successfully fetched: https://books.toscrape.com/catalogue/a-light-in-the-attic_1000/index.html
2025-10-24 21:58:01.460 | INFO     | src.scraper.books_scraper:scrape_page:488 - Fetching details for book 2/20: Tipping the Velvet...
2025-10-24 21:58:01.751 | INFO     | src.scraper.base_scraper:fetch_page:176 - Successfully fetched: https://books.toscrape.com/catalogue/tipping-the-velvet_999/index.html
2025-10-24 21:58:02.265 | INFO     | src.scraper.books_scraper:scrape_page:488 - Fetching details for book 3/20: Soumission...
2025-10-24 21:58:02.715 | INFO     | src.scraper.base_scraper:fetch_page:176 - Successfully fetched: https://books.toscrape.com/catalogue/soumission_998/index.html
2025-10-24 21:58:03.233 | INFO     | src.scraper.books_scraper:scrape_page:488 - Fetching details for book 4/20: Sharp Objects...
2025-10-24 21:58:03.632 | INFO     | src.scraper.base_scraper:fetch_page:176 - Successfully fetched: https://books.toscrape.com/catalogue/sharp-objects_997/index.html
2025-10-24 21:58:04.147 | INFO     | src.scraper.books_scraper:scrape_page:488 - Fetching details for book 5/20: Sapiens: A Brief History of Humankind...
2025-10-24 21:58:04.530 | INFO     | src.scraper.base_scraper:fetch_page:176 - Successfully fetched: https://books.toscrape.com/catalogue/sapiens-a-brief-history-of-humankind_996/index.html
2025-10-24 21:58:05.042 | INFO     | src.scraper.books_scraper:scrape_page:488 - Fetching details for book 6/20: The Requiem Red...
2025-10-24 21:58:05.430 | INFO     | src.scraper.base_scraper:fetch_page:176 - Successfully fetched: https://books.toscrape.com/catalogue/the-requiem-red_995/index.html
2025-10-24 21:58:05.945 | INFO     | src.scraper.books_scraper:scrape_page:488 - Fetching details for book 7/20: The Dirty Little Secrets of Getting Your Dream Job...
2025-10-24 21:58:06.353 | INFO     | src.scraper.base_scraper:fetch_page:176 - Successfully fetched: https://books.toscrape.com/catalogue/the-dirty-little-secrets-of-getting-your-dream-job_994/index.html
2025-10-24 21:58:06.912 | INFO     | src.scraper.books_scraper:scrape_page:488 - Fetching details for book 8/20: The Coming Woman: A Novel Based on the Life of the...
2025-10-24 21:58:07.303 | INFO     | src.scraper.base_scraper:fetch_page:176 - Successfully fetched: https://books.toscrape.com/catalogue/the-coming-woman-a-novel-based-on-the-life-of-the-infamous-feminist-victoria-woodhull_993/index.html
2025-10-24 21:58:07.819 | INFO     | src.scraper.books_scraper:scrape_page:488 - Fetching details for book 9/20: The Boys in the Boat: Nine Americans and Their Epi...
2025-10-24 21:58:08.240 | INFO     | src.scraper.base_scraper:fetch_page:176 - Successfully fetched: https://books.toscrape.com/catalogue/the-boys-in-the-boat-nine-americans-and-their-epic-quest-for-gold-at-the-1936-berlin-olympics_992/index.html
2025-10-24 21:58:08.754 | INFO     | src.scraper.books_scraper:scrape_page:488 - Fetching details for book 10/20: The Black Maria...
2025-10-24 21:58:09.156 | INFO     | src.scraper.base_scraper:fetch_page:176 - Successfully fetched: https://books.toscrape.com/catalogue/the-black-maria_991/index.html
2025-10-24 21:58:09.669 | INFO     | src.scraper.books_scraper:scrape_page:488 - Fetching details for book 11/20: Starving Hearts (Triangular Trade Trilogy, #1)...
2025-10-24 21:58:10.057 | INFO     | src.scraper.base_scraper:fetch_page:176 - Successfully fetched: https://books.toscrape.com/catalogue/starving-hearts-triangular-trade-trilogy-1_990/index.html
2025-10-24 21:58:10.570 | INFO     | src.scraper.books_scraper:scrape_page:488 - Fetching details for book 12/20: Shakespeare's Sonnets...
2025-10-24 21:58:10.991 | INFO     | src.scraper.base_scraper:fetch_page:176 - Successfully fetched: https://books.toscrape.com/catalogue/shakespeares-sonnets_989/index.html
2025-10-24 21:58:11.511 | INFO     | src.scraper.books_scraper:scrape_page:488 - Fetching details for book 13/20: Set Me Free...
2025-10-24 21:58:11.912 | INFO     | src.scraper.base_scraper:fetch_page:176 - Successfully fetched: https://books.toscrape.com/catalogue/set-me-free_988/index.html
2025-10-24 21:58:12.427 | INFO     | src.scraper.books_scraper:scrape_page:488 - Fetching details for book 14/20: Scott Pilgrim's Precious Little Life (Scott Pilgri...
2025-10-24 21:58:12.944 | INFO     | src.scraper.base_scraper:fetch_page:176 - Successfully fetched: https://books.toscrape.com/catalogue/scott-pilgrims-precious-little-life-scott-pilgrim-1_987/index.html
2025-10-24 21:58:13.459 | INFO     | src.scraper.books_scraper:scrape_page:488 - Fetching details for book 15/20: Rip it Up and Start Again...
2025-10-24 21:58:13.866 | INFO     | src.scraper.base_scraper:fetch_page:176 - Successfully fetched: https://books.toscrape.com/catalogue/rip-it-up-and-start-again_986/index.html
2025-10-24 21:58:14.384 | INFO     | src.scraper.books_scraper:scrape_page:488 - Fetching details for book 16/20: Our Band Could Be Your Life: Scenes from the Ameri...
2025-10-24 21:58:14.790 | INFO     | src.scraper.base_scraper:fetch_page:176 - Successfully fetched: https://books.toscrape.com/catalogue/our-band-could-be-your-life-scenes-from-the-american-indie-underground-1981-1991_985/index.html
2025-10-24 21:58:15.304 | INFO     | src.scraper.books_scraper:scrape_page:488 - Fetching details for book 17/20: Olio...
2025-10-24 21:58:15.723 | INFO     | src.scraper.base_scraper:fetch_page:176 - Successfully fetched: https://books.toscrape.com/catalogue/olio_984/index.html
2025-10-24 21:58:16.242 | INFO     | src.scraper.books_scraper:scrape_page:488 - Fetching details for book 18/20: Mesaerion: The Best Science Fiction Stories 1800-1...
2025-10-24 21:58:16.695 | INFO     | src.scraper.base_scraper:fetch_page:176 - Successfully fetched: https://books.toscrape.com/catalogue/mesaerion-the-best-science-fiction-stories-1800-1849_983/index.html
2025-10-24 21:58:17.211 | INFO     | src.scraper.books_scraper:scrape_page:488 - Fetching details for book 19/20: Libertarianism for Beginners...
2025-10-24 21:58:17.607 | INFO     | src.scraper.base_scraper:fetch_page:176 - Successfully fetched: https://books.toscrape.com/catalogue/libertarianism-for-beginners_982/index.html
2025-10-24 21:58:18.125 | INFO     | src.scraper.books_scraper:scrape_page:488 - Fetching details for book 20/20: It's Only the Himalayas...
2025-10-24 21:58:18.569 | INFO     | src.scraper.base_scraper:fetch_page:176 - Successfully fetched: https://books.toscrape.com/catalogue/its-only-the-himalayas_981/index.html
2025-10-24 21:58:19.097 | INFO     | src.scraper.books_scraper:scrape:663 - Page 1: Scraped 20 books (Total: 20)
2025-10-24 21:58:19.098 | INFO     | src.scraper.books_scraper:scrape:655 - Scraping page 2: https://books.toscrape.com/catalogue/page-2.html
2025-10-24 21:58:19.622 | INFO     | src.scraper.base_scraper:fetch_page:176 - Successfully fetched: https://books.toscrape.com/catalogue/page-2.html
2025-10-24 21:58:19.644 | INFO     | src.scraper.books_scraper:scrape_page:488 - Fetching details for book 1/20: In Her Wake...
2025-10-24 21:58:19.940 | WARNING  | src.scraper.base_scraper:fetch_page:188 - Attempt 1 failed for https://books.toscrape.com/in-her-wake_980/index.html: 404 Client Error: Not Found for url: https://books.toscrape.com/in-her-wake_980/index.html
2025-10-24 21:58:21.223 | WARNING  | src.scraper.base_scraper:fetch_page:188 - Attempt 2 failed for https://books.toscrape.com/in-her-wake_980/index.html: 404 Client Error: Not Found for url: https://books.toscrape.com/in-her-wake_980/index.html
2025-10-24 21:58:23.596 | WARNING  | src.scraper.base_scraper:fetch_page:188 - Attempt 3 failed for https://books.toscrape.com/in-her-wake_980/index.html: 404 Client Error: Not Found for url: https://books.toscrape.com/in-her-wake_980/index.html
2025-10-24 21:58:23.597 | ERROR    | src.scraper.base_scraper:fetch_page:192 - Failed to fetch https://books.toscrape.com/in-her-wake_980/index.html after 3 attempts
2025-10-24 21:58:24.102 | INFO     | src.scraper.books_scraper:scrape_page:488 - Fetching details for book 2/20: How Music Works...
2025-10-24 21:58:24.370 | WARNING  | src.scraper.base_scraper:fetch_page:188 - Attempt 1 failed for https://books.toscrape.com/how-music-works_979/index.html: 404 Client Error: Not Found for url: https://books.toscrape.com/how-music-works_979/index.html
2025-10-24 21:58:25.634 | WARNING  | src.scraper.base_scraper:fetch_page:188 - Attempt 2 failed for https://books.toscrape.com/how-music-works_979/index.html: 404 Client Error: Not Found for url: https://books.toscrape.com/how-music-works_979/index.html
2025-10-24 21:58:27.947 | WARNING  | src.scraper.base_scraper:fetch_page:188 - Attempt 3 failed for https://books.toscrape.com/how-music-works_979/index.html: 404 Client Error: Not Found for url: https://books.toscrape.com/how-music-works_979/index.html
2025-10-24 21:58:27.948 | ERROR    | src.scraper.base_scraper:fetch_page:192 - Failed to fetch https://books.toscrape.com/how-music-works_979/index.html after 3 attempts
2025-10-24 21:58:28.453 | INFO     | src.scraper.books_scraper:scrape_page:488 - Fetching details for book 3/20: Foolproof Preserving: A Guide to Small Batch Jams,...
2025-10-24 21:58:28.763 | WARNING  | src.scraper.base_scraper:fetch_page:188 - Attempt 1 failed for https://books.toscrape.com/foolproof-preserving-a-guide-to-small-batch-jams-jellies-pickles-condiments-and-more-a-foolproof-guide-to-making-small-batch-jams-jellies-pickles-condiments-and-more_978/index.html: 404 Client Error: Not Found for url: https://books.toscrape.com/foolproof-preserving-a-guide-to-small-batch-jams-jellies-pickles-condiments-and-more-a-foolproof-guide-to-making-small-batch-jams-jellies-pickles-condiments-and-more_978/index.html
2025-10-24 21:58:30.035 | WARNING  | src.scraper.base_scraper:fetch_page:188 - Attempt 2 failed for https://books.toscrape.com/foolproof-preserving-a-guide-to-small-batch-jams-jellies-pickles-condiments-and-more-a-foolproof-guide-to-making-small-batch-jams-jellies-pickles-condiments-and-more_978/index.html: 404 Client Error: Not Found for url: https://books.toscrape.com/foolproof-preserving-a-guide-to-small-batch-jams-jellies-pickles-condiments-and-more-a-foolproof-guide-to-making-small-batch-jams-jellies-pickles-condiments-and-more_978/index.html
2025-10-24 21:58:32.313 | WARNING  | src.scraper.base_scraper:fetch_page:188 - Attempt 3 failed for https://books.toscrape.com/foolproof-preserving-a-guide-to-small-batch-jams-jellies-pickles-condiments-and-more-a-foolproof-guide-to-making-small-batch-jams-jellies-pickles-condiments-and-more_978/index.html: 404 Client Error: Not Found for url: https://books.toscrape.com/foolproof-preserving-a-guide-to-small-batch-jams-jellies-pickles-condiments-and-more-a-foolproof-guide-to-making-small-batch-jams-jellies-pickles-condiments-and-more_978/index.html
2025-10-24 21:58:32.313 | ERROR    | src.scraper.base_scraper:fetch_page:192 - Failed to fetch https://books.toscrape.com/foolproof-preserving-a-guide-to-small-batch-jams-jellies-pickles-condiments-and-more-a-foolproof-guide-to-making-small-batch-jams-jellies-pickles-condiments-and-more_978/index.html after 3 attempts
2025-10-24 21:58:32.819 | INFO     | src.scraper.books_scraper:scrape_page:488 - Fetching details for book 4/20: Chase Me (Paris Nights #2)...
2025-10-24 21:58:33.136 | WARNING  | src.scraper.base_scraper:fetch_page:188 - Attempt 1 failed for https://books.toscrape.com/chase-me-paris-nights-2_977/index.html: 404 Client Error: Not Found for url: https://books.toscrape.com/chase-me-paris-nights-2_977/index.html
2025-10-24 21:58:34.460 | WARNING  | src.scraper.base_scraper:fetch_page:188 - Attempt 2 failed for https://books.toscrape.com/chase-me-paris-nights-2_977/index.html: 404 Client Error: Not Found for url: https://books.toscrape.com/chase-me-paris-nights-2_977/index.html
2025-10-24 21:58:36.748 | WARNING  | src.scraper.base_scraper:fetch_page:188 - Attempt 3 failed for https://books.toscrape.com/chase-me-paris-nights-2_977/index.html: 404 Client Error: Not Found for url: https://books.toscrape.com/chase-me-paris-nights-2_977/index.html
2025-10-24 21:58:36.749 | ERROR    | src.scraper.base_scraper:fetch_page:192 - Failed to fetch https://books.toscrape.com/chase-me-paris-nights-2_977/index.html after 3 attempts
2025-10-24 21:58:37.255 | INFO     | src.scraper.books_scraper:scrape_page:488 - Fetching details for book 5/20: Black Dust...
2025-10-24 21:58:37.538 | WARNING  | src.scraper.base_scraper:fetch_page:188 - Attempt 1 failed for https://books.toscrape.com/black-dust_976/index.html: 404 Client Error: Not Found for url: https://books.toscrape.com/black-dust_976/index.html
2025-10-24 21:58:38.804 | WARNING  | src.scraper.base_scraper:fetch_page:188 - Attempt 2 failed for https://books.toscrape.com/black-dust_976/index.html: 404 Client Error: Not Found for url: https://books.toscrape.com/black-dust_976/index.html
2025-10-24 21:58:41.176 | WARNING  | src.scraper.base_scraper:fetch_page:188 - Attempt 3 failed for https://books.toscrape.com/black-dust_976/index.html: 404 Client Error: Not Found for url: https://books.toscrape.com/black-dust_976/index.html
2025-10-24 21:58:41.177 | ERROR    | src.scraper.base_scraper:fetch_page:192 - Failed to fetch https://books.toscrape.com/black-dust_976/index.html after 3 attempts
2025-10-24 21:58:41.683 | INFO     | src.scraper.books_scraper:scrape_page:488 - Fetching details for book 6/20: Birdsong: A Story in Pictures...
2025-10-24 21:58:41.968 | WARNING  | src.scraper.base_scraper:fetch_page:188 - Attempt 1 failed for https://books.toscrape.com/birdsong-a-story-in-pictures_975/index.html: 404 Client Error: Not Found for url: https://books.toscrape.com/birdsong-a-story-in-pictures_975/index.html
2025-10-24 21:58:43.241 | WARNING  | src.scraper.base_scraper:fetch_page:188 - Attempt 2 failed for https://books.toscrape.com/birdsong-a-story-in-pictures_975/index.html: 404 Client Error: Not Found for url: https://books.toscrape.com/birdsong-a-story-in-pictures_975/index.html
2025-10-24 21:58:45.507 | WARNING  | src.scraper.base_scraper:fetch_page:188 - Attempt 3 failed for https://books.toscrape.com/birdsong-a-story-in-pictures_975/index.html: 404 Client Error: Not Found for url: https://books.toscrape.com/birdsong-a-story-in-pictures_975/index.html
2025-10-24 21:58:45.509 | ERROR    | src.scraper.base_scraper:fetch_page:192 - Failed to fetch https://books.toscrape.com/birdsong-a-story-in-pictures_975/index.html after 3 attempts
2025-10-24 21:58:46.016 | INFO     | src.scraper.books_scraper:scrape_page:488 - Fetching details for book 7/20: America's Cradle of Quarterbacks: Western Pennsylv...
2025-10-24 21:58:46.288 | WARNING  | src.scraper.base_scraper:fetch_page:188 - Attempt 1 failed for https://books.toscrape.com/americas-cradle-of-quarterbacks-western-pennsylvanias-football-factory-from-johnny-unitas-to-joe-montana_974/index.html: 404 Client Error: Not Found for url: https://books.toscrape.com/americas-cradle-of-quarterbacks-western-pennsylvanias-football-factory-from-johnny-unitas-to-joe-montana_974/index.html
2025-10-24 21:58:47.579 | WARNING  | src.scraper.base_scraper:fetch_page:188 - Attempt 2 failed for https://books.toscrape.com/americas-cradle-of-quarterbacks-western-pennsylvanias-football-factory-from-johnny-unitas-to-joe-montana_974/index.html: 404 Client Error: Not Found for url: https://books.toscrape.com/americas-cradle-of-quarterbacks-western-pennsylvanias-football-factory-from-johnny-unitas-to-joe-montana_974/index.html
2025-10-24 21:58:49.862 | WARNING  | src.scraper.base_scraper:fetch_page:188 - Attempt 3 failed for https://books.toscrape.com/americas-cradle-of-quarterbacks-western-pennsylvanias-football-factory-from-johnny-unitas-to-joe-montana_974/index.html: 404 Client Error: Not Found for url: https://books.toscrape.com/americas-cradle-of-quarterbacks-western-pennsylvanias-football-factory-from-johnny-unitas-to-joe-montana_974/index.html
2025-10-24 21:58:49.863 | ERROR    | src.scraper.base_scraper:fetch_page:192 - Failed to fetch https://books.toscrape.com/americas-cradle-of-quarterbacks-western-pennsylvanias-football-factory-from-johnny-unitas-to-joe-montana_974/index.html after 3 attempts
2025-10-24 21:58:50.370 | INFO     | src.scraper.books_scraper:scrape_page:488 - Fetching details for book 8/20: Aladdin and His Wonderful Lamp...
2025-10-24 21:58:50.633 | WARNING  | src.scraper.base_scraper:fetch_page:188 - Attempt 1 failed for https://books.toscrape.com/aladdin-and-his-wonderful-lamp_973/index.html: 404 Client Error: Not Found for url: https://books.toscrape.com/aladdin-and-his-wonderful-lamp_973/index.html
2025-10-24 21:58:52.134 | WARNING  | src.scraper.base_scraper:fetch_page:188 - Attempt 2 failed for https://books.toscrape.com/aladdin-and-his-wonderful-lamp_973/index.html: 404 Client Error: Not Found for url: https://books.toscrape.com/aladdin-and-his-wonderful-lamp_973/index.html
2025-10-24 21:58:54.445 | WARNING  | src.scraper.base_scraper:fetch_page:188 - Attempt 3 failed for https://books.toscrape.com/aladdin-and-his-wonderful-lamp_973/index.html: 404 Client Error: Not Found for url: https://books.toscrape.com/aladdin-and-his-wonderful-lamp_973/index.html
2025-10-24 21:58:54.445 | ERROR    | src.scraper.base_scraper:fetch_page:192 - Failed to fetch https://books.toscrape.com/aladdin-and-his-wonderful-lamp_973/index.html after 3 attempts
2025-10-24 21:58:54.950 | INFO     | src.scraper.books_scraper:scrape_page:488 - Fetching details for book 9/20: Worlds Elsewhere: Journeys Around Shakespeare’s Gl...
2025-10-24 21:58:55.310 | WARNING  | src.scraper.base_scraper:fetch_page:188 - Attempt 1 failed for https://books.toscrape.com/worlds-elsewhere-journeys-around-shakespeares-globe_972/index.html: 404 Client Error: Not Found for url: https://books.toscrape.com/worlds-elsewhere-journeys-around-shakespeares-globe_972/index.html
2025-10-24 21:58:56.611 | WARNING  | src.scraper.base_scraper:fetch_page:188 - Attempt 2 failed for https://books.toscrape.com/worlds-elsewhere-journeys-around-shakespeares-globe_972/index.html: 404 Client Error: Not Found for url: https://books.toscrape.com/worlds-elsewhere-journeys-around-shakespeares-globe_972/index.html
2025-10-24 21:58:58.921 | WARNING  | src.scraper.base_scraper:fetch_page:188 - Attempt 3 failed for https://books.toscrape.com/worlds-elsewhere-journeys-around-shakespeares-globe_972/index.html: 404 Client Error: Not Found for url: https://books.toscrape.com/worlds-elsewhere-journeys-around-shakespeares-globe_972/index.html
2025-10-24 21:58:58.921 | ERROR    | src.scraper.base_scraper:fetch_page:192 - Failed to fetch https://books.toscrape.com/worlds-elsewhere-journeys-around-shakespeares-globe_972/index.html after 3 attempts
2025-10-24 21:58:59.423 | INFO     | src.scraper.books_scraper:scrape_page:488 - Fetching details for book 10/20: Wall and Piece...
2025-10-24 21:58:59.698 | WARNING  | src.scraper.base_scraper:fetch_page:188 - Attempt 1 failed for https://books.toscrape.com/wall-and-piece_971/index.html: 404 Client Error: Not Found for url: https://books.toscrape.com/wall-and-piece_971/index.html
