2025-10-24 21:56:30.375 | INFO     | __main__:init_db:193 - Initializing database...
2025-10-24 21:56:30.427 | INFO     | src.database.connection:initialize:59 - Database engine initialized successfully
2025-10-24 21:56:30.476 | INFO     | src.database.connection:create_tables:72 - Database tables created successfully
2025-10-24 21:56:30.477 | INFO     | __main__:init_db:196 - Database initialized successfully
2025-10-24 21:56:30.477 | INFO     | __main__:run_scraper:208 - Starting scraper...
2025-10-24 21:56:30.477 | INFO     | __main__:run_scraper:213 - Scraping mode: WITH DETAILS (slower, includes full book info)
2025-10-24 21:56:30.477 | WARNING  | src.scraper.base_scraper:__init__:158 - SSL verification disabled - use only for development!
2025-10-24 21:56:30.477 | INFO     | src.scraper.books_scraper:scrape:655 - Scraping page 1: https://books.toscrape.com/
2025-10-24 21:56:32.589 | INFO     | src.scraper.base_scraper:fetch_page:176 - Successfully fetched: https://books.toscrape.com/
2025-10-24 21:56:32.613 | INFO     | src.scraper.books_scraper:scrape_page:488 - Fetching details for book 1/20: A Light in the Attic...
2025-10-24 21:56:32.922 | INFO     | src.scraper.base_scraper:fetch_page:176 - Successfully fetched: https://books.toscrape.com/catalogue/a-light-in-the-attic_1000/index.html
2025-10-24 21:56:33.434 | INFO     | src.scraper.books_scraper:scrape_page:488 - Fetching details for book 2/20: Tipping the Velvet...
2025-10-24 21:56:33.726 | INFO     | src.scraper.base_scraper:fetch_page:176 - Successfully fetched: https://books.toscrape.com/catalogue/tipping-the-velvet_999/index.html
2025-10-24 21:56:34.239 | INFO     | src.scraper.books_scraper:scrape_page:488 - Fetching details for book 3/20: Soumission...
2025-10-24 21:56:34.626 | INFO     | src.scraper.base_scraper:fetch_page:176 - Successfully fetched: https://books.toscrape.com/catalogue/soumission_998/index.html
2025-10-24 21:56:35.140 | INFO     | src.scraper.books_scraper:scrape_page:488 - Fetching details for book 4/20: Sharp Objects...
2025-10-24 21:56:35.609 | INFO     | src.scraper.base_scraper:fetch_page:176 - Successfully fetched: https://books.toscrape.com/catalogue/sharp-objects_997/index.html
2025-10-24 21:56:36.126 | INFO     | src.scraper.books_scraper:scrape_page:488 - Fetching details for book 5/20: Sapiens: A Brief History of Humankind...
2025-10-24 21:56:36.517 | INFO     | src.scraper.base_scraper:fetch_page:176 - Successfully fetched: https://books.toscrape.com/catalogue/sapiens-a-brief-history-of-humankind_996/index.html
2025-10-24 21:56:37.035 | INFO     | src.scraper.books_scraper:scrape_page:488 - Fetching details for book 6/20: The Requiem Red...
2025-10-24 21:56:37.435 | INFO     | src.scraper.base_scraper:fetch_page:176 - Successfully fetched: https://books.toscrape.com/catalogue/the-requiem-red_995/index.html
2025-10-24 21:56:37.950 | INFO     | src.scraper.books_scraper:scrape_page:488 - Fetching details for book 7/20: The Dirty Little Secrets of Getting Your Dream Job...
2025-10-24 21:56:38.356 | INFO     | src.scraper.base_scraper:fetch_page:176 - Successfully fetched: https://books.toscrape.com/catalogue/the-dirty-little-secrets-of-getting-your-dream-job_994/index.html
2025-10-24 21:56:38.921 | INFO     | src.scraper.books_scraper:scrape_page:488 - Fetching details for book 8/20: The Coming Woman: A Novel Based on the Life of the...
2025-10-24 21:56:39.337 | INFO     | src.scraper.base_scraper:fetch_page:176 - Successfully fetched: https://books.toscrape.com/catalogue/the-coming-woman-a-novel-based-on-the-life-of-the-infamous-feminist-victoria-woodhull_993/index.html
2025-10-24 21:56:39.848 | INFO     | src.scraper.books_scraper:scrape_page:488 - Fetching details for book 9/20: The Boys in the Boat: Nine Americans and Their Epi...
2025-10-24 21:56:40.354 | INFO     | src.scraper.base_scraper:fetch_page:176 - Successfully fetched: https://books.toscrape.com/catalogue/the-boys-in-the-boat-nine-americans-and-their-epic-quest-for-gold-at-the-1936-berlin-olympics_992/index.html
2025-10-24 21:56:40.871 | INFO     | src.scraper.books_scraper:scrape_page:488 - Fetching details for book 10/20: The Black Maria...
2025-10-24 21:56:41.261 | INFO     | src.scraper.base_scraper:fetch_page:176 - Successfully fetched: https://books.toscrape.com/catalogue/the-black-maria_991/index.html
2025-10-24 21:56:41.777 | INFO     | src.scraper.books_scraper:scrape_page:488 - Fetching details for book 11/20: Starving Hearts (Triangular Trade Trilogy, #1)...
2025-10-24 21:56:42.199 | INFO     | src.scraper.base_scraper:fetch_page:176 - Successfully fetched: https://books.toscrape.com/catalogue/starving-hearts-triangular-trade-trilogy-1_990/index.html
2025-10-24 21:56:42.715 | INFO     | src.scraper.books_scraper:scrape_page:488 - Fetching details for book 12/20: Shakespeare's Sonnets...
2025-10-24 21:56:43.114 | INFO     | src.scraper.base_scraper:fetch_page:176 - Successfully fetched: https://books.toscrape.com/catalogue/shakespeares-sonnets_989/index.html
2025-10-24 21:56:43.631 | INFO     | src.scraper.books_scraper:scrape_page:488 - Fetching details for book 13/20: Set Me Free...
2025-10-24 21:56:44.043 | INFO     | src.scraper.base_scraper:fetch_page:176 - Successfully fetched: https://books.toscrape.com/catalogue/set-me-free_988/index.html
2025-10-24 21:56:44.556 | INFO     | src.scraper.books_scraper:scrape_page:488 - Fetching details for book 14/20: Scott Pilgrim's Precious Little Life (Scott Pilgri...
2025-10-24 21:56:44.939 | INFO     | src.scraper.base_scraper:fetch_page:176 - Successfully fetched: https://books.toscrape.com/catalogue/scott-pilgrims-precious-little-life-scott-pilgrim-1_987/index.html
2025-10-24 21:56:45.458 | INFO     | src.scraper.books_scraper:scrape_page:488 - Fetching details for book 15/20: Rip it Up and Start Again...
2025-10-24 21:56:45.862 | INFO     | src.scraper.base_scraper:fetch_page:176 - Successfully fetched: https://books.toscrape.com/catalogue/rip-it-up-and-start-again_986/index.html
2025-10-24 21:56:46.379 | INFO     | src.scraper.books_scraper:scrape_page:488 - Fetching details for book 16/20: Our Band Could Be Your Life: Scenes from the Ameri...
2025-10-24 21:56:46.792 | INFO     | src.scraper.base_scraper:fetch_page:176 - Successfully fetched: https://books.toscrape.com/catalogue/our-band-could-be-your-life-scenes-from-the-american-indie-underground-1981-1991_985/index.html
2025-10-24 21:56:47.308 | INFO     | src.scraper.books_scraper:scrape_page:488 - Fetching details for book 17/20: Olio...
2025-10-24 21:56:47.731 | INFO     | src.scraper.base_scraper:fetch_page:176 - Successfully fetched: https://books.toscrape.com/catalogue/olio_984/index.html
2025-10-24 21:56:48.247 | INFO     | src.scraper.books_scraper:scrape_page:488 - Fetching details for book 18/20: Mesaerion: The Best Science Fiction Stories 1800-1...
2025-10-24 21:56:48.645 | INFO     | src.scraper.base_scraper:fetch_page:176 - Successfully fetched: https://books.toscrape.com/catalogue/mesaerion-the-best-science-fiction-stories-1800-1849_983/index.html
2025-10-24 21:56:49.159 | INFO     | src.scraper.books_scraper:scrape_page:488 - Fetching details for book 19/20: Libertarianism for Beginners...
2025-10-24 21:56:49.562 | INFO     | src.scraper.base_scraper:fetch_page:176 - Successfully fetched: https://books.toscrape.com/catalogue/libertarianism-for-beginners_982/index.html
2025-10-24 21:56:50.075 | INFO     | src.scraper.books_scraper:scrape_page:488 - Fetching details for book 20/20: It's Only the Himalayas...
2025-10-24 21:56:50.482 | INFO     | src.scraper.base_scraper:fetch_page:176 - Successfully fetched: https://books.toscrape.com/catalogue/its-only-the-himalayas_981/index.html
2025-10-24 21:56:50.994 | INFO     | src.scraper.books_scraper:scrape:663 - Page 1: Scraped 20 books (Total: 20)
2025-10-24 21:56:50.994 | INFO     | src.scraper.books_scraper:scrape:666 - Total books scraped: 20
2025-10-24 21:56:51.002 | INFO     | src.scraper.base_scraper:close:212 - Scraper session closed
2025-10-24 21:56:51.002 | INFO     | __main__:run_scraper:226 - Scraped 20 books. Inserting into database...
2025-10-24 21:56:51.056 | INFO     | src.database.connection:insert_books_bulk:158 - Bulk insert successful: 20 books
2025-10-24 21:56:51.056 | INFO     | __main__:run_scraper:228 - Successfully inserted 20 books
2025-10-24 21:56:51.056 | INFO     | __main__:run_scraper:232 - Sample book: {'title': 'A Light in the Attic', 'price': 51.77, 'availability': 'In stock', 'rating': 3, 'url': 'https://books.toscrape.com/catalogue/a-light-in-the-attic_1000/index.html', 'category': 'Poetry', 'description': "It's hard to imagine a world without A Light in the Attic. This now-classic collection of poetry and drawings from Shel Silverstein celebrates its 20th anniversary with this special edition. Silverstein's humorous and creative verse can amuse the dowdiest of readers. Lemon-faced adults and fidgety kids sit still and read these rhythmic words and laugh and smile and love th It's hard to imagine a world without A Light in the Attic. This now-classic collection of poetry and drawings from Shel Silverstein celebrates its 20th anniversary with this special edition. Silverstein's humorous and creative verse can amuse the dowdiest of readers. Lemon-faced adults and fidgety kids sit still and read these rhythmic words and laugh and smile and love that Silverstein. Need proof of his genius? RockabyeRockabye baby, in the treetopDon't you know a treetopIs no safe place to rock?And who put you up there,And your cradle, too?Baby, I think someone down here'sGot it in for you. Shel, you never sounded so good. ...more", 'image_url': 'https://books.toscrape.com/media/cache/fe/72/fe72f0532301ec28892ae79a629a293c.jpg', 'upc': 'a897fe39b1053632', 'product_type': 'Books', 'price_excl_tax': 51.77, 'price_incl_tax': 51.77, 'tax': 0.0, 'number_of_reviews': 0}
