2025-10-24 22:07:26.663 | INFO     | __main__:init_db:193 - Initializing database...
2025-10-24 22:07:26.711 | INFO     | src.database.connection:initialize:59 - Database engine initialized successfully
2025-10-24 22:07:26.766 | INFO     | src.database.connection:create_tables:72 - Database tables created successfully
2025-10-24 22:07:26.767 | INFO     | __main__:init_db:196 - Database initialized successfully
2025-10-24 22:07:26.767 | INFO     | __main__:run_scraper:208 - Starting scraper...
2025-10-24 22:07:26.767 | INFO     | __main__:run_scraper:213 - Scraping mode: WITH DETAILS (slower, includes full book info)
2025-10-24 22:07:26.767 | WARNING  | src.scraper.base_scraper:__init__:158 - SSL verification disabled - use only for development!
2025-10-24 22:07:26.767 | INFO     | src.scraper.books_scraper:scrape:361 - Scraping page 1: https://books.toscrape.com/
2025-10-24 22:07:29.077 | INFO     | src.scraper.base_scraper:fetch_page:176 - Successfully fetched: https://books.toscrape.com/
2025-10-24 22:07:29.098 | INFO     | src.scraper.books_scraper:scrape_page:194 - Fetching details for book 1/20: A Light in the Attic...
2025-10-24 22:07:29.375 | INFO     | src.scraper.base_scraper:fetch_page:176 - Successfully fetched: https://books.toscrape.com/catalogue/a-light-in-the-attic_1000/index.html
2025-10-24 22:07:29.883 | INFO     | src.scraper.books_scraper:scrape_page:194 - Fetching details for book 2/20: Tipping the Velvet...
2025-10-24 22:07:30.310 | INFO     | src.scraper.base_scraper:fetch_page:176 - Successfully fetched: https://books.toscrape.com/catalogue/tipping-the-velvet_999/index.html
2025-10-24 22:07:30.824 | INFO     | src.scraper.books_scraper:scrape_page:194 - Fetching details for book 3/20: Soumission...
2025-10-24 22:07:31.216 | INFO     | src.scraper.base_scraper:fetch_page:176 - Successfully fetched: https://books.toscrape.com/catalogue/soumission_998/index.html
2025-10-24 22:07:31.731 | INFO     | src.scraper.books_scraper:scrape_page:194 - Fetching details for book 4/20: Sharp Objects...
2025-10-24 22:07:32.135 | INFO     | src.scraper.base_scraper:fetch_page:176 - Successfully fetched: https://books.toscrape.com/catalogue/sharp-objects_997/index.html
2025-10-24 22:07:32.649 | INFO     | src.scraper.books_scraper:scrape_page:194 - Fetching details for book 5/20: Sapiens: A Brief History of Humankind...
2025-10-24 22:07:33.084 | INFO     | src.scraper.base_scraper:fetch_page:176 - Successfully fetched: https://books.toscrape.com/catalogue/sapiens-a-brief-history-of-humankind_996/index.html
2025-10-24 22:07:33.596 | INFO     | src.scraper.books_scraper:scrape_page:194 - Fetching details for book 6/20: The Requiem Red...
2025-10-24 22:07:33.999 | INFO     | src.scraper.base_scraper:fetch_page:176 - Successfully fetched: https://books.toscrape.com/catalogue/the-requiem-red_995/index.html
2025-10-24 22:07:34.511 | INFO     | src.scraper.books_scraper:scrape_page:194 - Fetching details for book 7/20: The Dirty Little Secrets of Getting Your Dream Job...
2025-10-24 22:07:34.909 | INFO     | src.scraper.base_scraper:fetch_page:176 - Successfully fetched: https://books.toscrape.com/catalogue/the-dirty-little-secrets-of-getting-your-dream-job_994/index.html
2025-10-24 22:07:35.480 | INFO     | src.scraper.books_scraper:scrape_page:194 - Fetching details for book 8/20: The Coming Woman: A Novel Based on the Life of the...
2025-10-24 22:07:35.875 | INFO     | src.scraper.base_scraper:fetch_page:176 - Successfully fetched: https://books.toscrape.com/catalogue/the-coming-woman-a-novel-based-on-the-life-of-the-infamous-feminist-victoria-woodhull_993/index.html
2025-10-24 22:07:36.393 | INFO     | src.scraper.books_scraper:scrape_page:194 - Fetching details for book 9/20: The Boys in the Boat: Nine Americans and Their Epi...
2025-10-24 22:07:36.790 | INFO     | src.scraper.base_scraper:fetch_page:176 - Successfully fetched: https://books.toscrape.com/catalogue/the-boys-in-the-boat-nine-americans-and-their-epic-quest-for-gold-at-the-1936-berlin-olympics_992/index.html
2025-10-24 22:07:37.303 | INFO     | src.scraper.books_scraper:scrape_page:194 - Fetching details for book 10/20: The Black Maria...
2025-10-24 22:07:37.711 | INFO     | src.scraper.base_scraper:fetch_page:176 - Successfully fetched: https://books.toscrape.com/catalogue/the-black-maria_991/index.html
2025-10-24 22:07:38.226 | INFO     | src.scraper.books_scraper:scrape_page:194 - Fetching details for book 11/20: Starving Hearts (Triangular Trade Trilogy, #1)...
2025-10-24 22:07:38.616 | INFO     | src.scraper.base_scraper:fetch_page:176 - Successfully fetched: https://books.toscrape.com/catalogue/starving-hearts-triangular-trade-trilogy-1_990/index.html
2025-10-24 22:07:39.132 | INFO     | src.scraper.books_scraper:scrape_page:194 - Fetching details for book 12/20: Shakespeare's Sonnets...
2025-10-24 22:07:39.540 | INFO     | src.scraper.base_scraper:fetch_page:176 - Successfully fetched: https://books.toscrape.com/catalogue/shakespeares-sonnets_989/index.html
2025-10-24 22:07:40.053 | INFO     | src.scraper.books_scraper:scrape_page:194 - Fetching details for book 13/20: Set Me Free...
2025-10-24 22:07:40.587 | INFO     | src.scraper.base_scraper:fetch_page:176 - Successfully fetched: https://books.toscrape.com/catalogue/set-me-free_988/index.html
2025-10-24 22:07:41.104 | INFO     | src.scraper.books_scraper:scrape_page:194 - Fetching details for book 14/20: Scott Pilgrim's Precious Little Life (Scott Pilgri...
2025-10-24 22:07:41.547 | INFO     | src.scraper.base_scraper:fetch_page:176 - Successfully fetched: https://books.toscrape.com/catalogue/scott-pilgrims-precious-little-life-scott-pilgrim-1_987/index.html
2025-10-24 22:07:42.064 | INFO     | src.scraper.books_scraper:scrape_page:194 - Fetching details for book 15/20: Rip it Up and Start Again...
2025-10-24 22:07:42.503 | INFO     | src.scraper.base_scraper:fetch_page:176 - Successfully fetched: https://books.toscrape.com/catalogue/rip-it-up-and-start-again_986/index.html
2025-10-24 22:07:43.016 | INFO     | src.scraper.books_scraper:scrape_page:194 - Fetching details for book 16/20: Our Band Could Be Your Life: Scenes from the Ameri...
2025-10-24 22:07:43.435 | INFO     | src.scraper.base_scraper:fetch_page:176 - Successfully fetched: https://books.toscrape.com/catalogue/our-band-could-be-your-life-scenes-from-the-american-indie-underground-1981-1991_985/index.html
2025-10-24 22:07:43.951 | INFO     | src.scraper.books_scraper:scrape_page:194 - Fetching details for book 17/20: Olio...
2025-10-24 22:07:44.351 | INFO     | src.scraper.base_scraper:fetch_page:176 - Successfully fetched: https://books.toscrape.com/catalogue/olio_984/index.html
2025-10-24 22:07:44.868 | INFO     | src.scraper.books_scraper:scrape_page:194 - Fetching details for book 18/20: Mesaerion: The Best Science Fiction Stories 1800-1...
2025-10-24 22:07:45.291 | INFO     | src.scraper.base_scraper:fetch_page:176 - Successfully fetched: https://books.toscrape.com/catalogue/mesaerion-the-best-science-fiction-stories-1800-1849_983/index.html
2025-10-24 22:07:45.807 | INFO     | src.scraper.books_scraper:scrape_page:194 - Fetching details for book 19/20: Libertarianism for Beginners...
2025-10-24 22:07:46.238 | INFO     | src.scraper.base_scraper:fetch_page:176 - Successfully fetched: https://books.toscrape.com/catalogue/libertarianism-for-beginners_982/index.html
2025-10-24 22:07:46.755 | INFO     | src.scraper.books_scraper:scrape_page:194 - Fetching details for book 20/20: It's Only the Himalayas...
2025-10-24 22:07:47.178 | INFO     | src.scraper.base_scraper:fetch_page:176 - Successfully fetched: https://books.toscrape.com/catalogue/its-only-the-himalayas_981/index.html
2025-10-24 22:07:47.696 | INFO     | src.scraper.books_scraper:scrape:369 - Page 1: Scraped 20 books (Total: 20)
2025-10-24 22:07:47.697 | INFO     | src.scraper.books_scraper:scrape:361 - Scraping page 2: https://books.toscrape.com/catalogue/page-2.html
2025-10-24 22:07:48.206 | INFO     | src.scraper.base_scraper:fetch_page:176 - Successfully fetched: https://books.toscrape.com/catalogue/page-2.html
2025-10-24 22:07:48.222 | INFO     | src.scraper.books_scraper:scrape_page:194 - Fetching details for book 1/20: In Her Wake...
2025-10-24 22:07:48.505 | WARNING  | src.scraper.base_scraper:fetch_page:188 - Attempt 1 failed for https://books.toscrape.com/in-her-wake_980/index.html: 404 Client Error: Not Found for url: https://books.toscrape.com/in-her-wake_980/index.html
2025-10-24 22:07:49.816 | WARNING  | src.scraper.base_scraper:fetch_page:188 - Attempt 2 failed for https://books.toscrape.com/in-her-wake_980/index.html: 404 Client Error: Not Found for url: https://books.toscrape.com/in-her-wake_980/index.html
2025-10-24 22:07:52.083 | WARNING  | src.scraper.base_scraper:fetch_page:188 - Attempt 3 failed for https://books.toscrape.com/in-her-wake_980/index.html: 404 Client Error: Not Found for url: https://books.toscrape.com/in-her-wake_980/index.html
2025-10-24 22:07:52.083 | ERROR    | src.scraper.base_scraper:fetch_page:192 - Failed to fetch https://books.toscrape.com/in-her-wake_980/index.html after 3 attempts
2025-10-24 22:07:52.590 | INFO     | src.scraper.books_scraper:scrape_page:194 - Fetching details for book 2/20: How Music Works...
2025-10-24 22:07:52.866 | WARNING  | src.scraper.base_scraper:fetch_page:188 - Attempt 1 failed for https://books.toscrape.com/how-music-works_979/index.html: 404 Client Error: Not Found for url: https://books.toscrape.com/how-music-works_979/index.html
2025-10-24 22:07:54.144 | WARNING  | src.scraper.base_scraper:fetch_page:188 - Attempt 2 failed for https://books.toscrape.com/how-music-works_979/index.html: 404 Client Error: Not Found for url: https://books.toscrape.com/how-music-works_979/index.html
